MediaControlFloat/app/build/intermediates/manifest_merge_blame_file/debug/manifest-merger-blame-debug-report.txt
1<?xml version="1.0" encoding="utf-8"?>
2<manifest xmlns:android="http://schemas.android.com/apk/res/android"
3    package="com.mediacontrol.floatwidget"
4    android:versionCode="1"
5    android:versionName="1.0" >
6
7    <uses-sdk
8        android:minSdkVersion="21"
8-->src\main\AndroidManifest.xml
9        android:targetSdkVersion="33" />
9-->src\main\AndroidManifest.xml
10
11    <uses-permission android:name="android.permission.SYSTEM_ALERT_WINDOW" />
11-->src\main\AndroidManifest.xml:5:5-78
11-->src\main\AndroidManifest.xml:5:22-75
12    <uses-permission android:name="android.permission.FOREGROUND_SERVICE" />
12-->src\main\AndroidManifest.xml:6:5-77
12-->src\main\AndroidManifest.xml:6:22-74
13    <uses-permission android:name="android.permission.WAKE_LOCK" />
13-->src\main\AndroidManifest.xml:7:5-68
13-->src\main\AndroidManifest.xml:7:22-65
14    <uses-permission android:name="android.permission.BIND_ACCESSIBILITY_SERVICE" />
14-->src\main\AndroidManifest.xml:8:5-85
14-->src\main\AndroidManifest.xml:8:22-82
15    <uses-permission android:name="android.permission.WRITE_SECURE_SETTINGS" />
15-->src\main\AndroidManifest.xml:9:5-80
15-->src\main\AndroidManifest.xml:9:22-77
16    <uses-permission android:name="android.permission.GET_TASKS" />
16-->src\main\AndroidManifest.xml:10:5-68
16-->src\main\AndroidManifest.xml:10:22-65
17    <uses-permission android:name="android.permission.REORDER_TASKS" />
17-->src\main\AndroidManifest.xml:11:5-72
17-->src\main\AndroidManifest.xml:11:22-69
18    <uses-permission android:name="android.permission.REAL_GET_TASKS" />
18-->src\main\AndroidManifest.xml:12:5-73
18-->src\main\AndroidManifest.xml:12:22-70
19
20    <permission
20-->[androidx.core:core:1.9.0] AndroidManifest.xml:22:5-24:47
21        android:name="com.mediacontrol.floatwidget.DYNAMIC_RECEIVER_NOT_EXPORTED_PERMISSION"
21-->[androidx.core:core:1.9.0] AndroidManifest.xml:23:9-81
22        android:protectionLevel="signature" />
22-->[androidx.core:core:1.9.0] AndroidManifest.xml:24:9-44
23
24    <uses-permission android:name="com.mediacontrol.floatwidget.DYNAMIC_RECEIVER_NOT_EXPORTED_PERMISSION" />
24-->[androidx.core:core:1.9.0] AndroidManifest.xml:26:5-97
24-->[androidx.core:core:1.9.0] AndroidManifest.xml:26:22-94
25
26    <application
26-->src\main\AndroidManifest.xml:14:5-46:19
27        android:allowBackup="true"
27-->src\main\AndroidManifest.xml:15:9-35
28        android:appComponentFactory="androidx.core.app.CoreComponentFactory"
28-->[androidx.core:core:1.9.0] AndroidManifest.xml:28:18-86
29        android:debuggable="true"
30        android:icon="@mipmap/ic_launcher"
30-->src\main\AndroidManifest.xml:16:9-43
31        android:label="@string/app_name"
31-->src\main\AndroidManifest.xml:17:9-41
32        android:testOnly="true"
33        android:theme="@style/AppTheme" >
33-->src\main\AndroidManifest.xml:18:9-40
34        <activity
34-->src\main\AndroidManifest.xml:20:9-27:20
35            android:name="com.mediacontrol.floatwidget.MainActivity"
35-->src\main\AndroidManifest.xml:21:13-41
36            android:exported="true" >
36-->src\main\AndroidManifest.xml:22:13-36
37            <intent-filter>
37-->src\main\AndroidManifest.xml:23:13-26:29
38                <action android:name="android.intent.action.MAIN" />
38-->src\main\AndroidManifest.xml:24:17-69
38-->src\main\AndroidManifest.xml:24:25-66
39
40                <category android:name="android.intent.category.LAUNCHER" />
40-->src\main\AndroidManifest.xml:25:17-77
40-->src\main\AndroidManifest.xml:25:27-74
41            </intent-filter>
42        </activity>
43
44        <service
44-->src\main\AndroidManifest.xml:29:9-32:40
45            android:name="com.mediacontrol.floatwidget.FloatingService"
45-->src\main\AndroidManifest.xml:30:13-44
46            android:enabled="true"
46-->src\main\AndroidManifest.xml:31:13-35
47            android:exported="false" />
47-->src\main\AndroidManifest.xml:32:13-37
48        <service
48-->src\main\AndroidManifest.xml:34:9-44:19
49            android:name="com.mediacontrol.floatwidget.MediaControlAccessibilityService"
49-->src\main\AndroidManifest.xml:35:13-61
50            android:exported="true"
50-->src\main\AndroidManifest.xml:37:13-36
51            android:permission="android.permission.BIND_ACCESSIBILITY_SERVICE" >
51-->src\main\AndroidManifest.xml:36:13-79
52            <intent-filter>
52-->src\main\AndroidManifest.xml:38:13-40:29
53                <action android:name="android.accessibilityservice.AccessibilityService" />
53-->src\main\AndroidManifest.xml:39:17-92
53-->src\main\AndroidManifest.xml:39:25-89
54            </intent-filter>
55
56            <meta-data
56-->src\main\AndroidManifest.xml:41:13-43:72
57                android:name="android.accessibilityservice"
57-->src\main\AndroidManifest.xml:42:17-60
58                android:resource="@xml/accessibility_service_config" />
58-->src\main\AndroidManifest.xml:43:17-69
59        </service>
60
61        <provider
61-->[androidx.emoji2:emoji2:1.2.0] AndroidManifest.xml:24:9-32:20
62            android:name="androidx.startup.InitializationProvider"
62-->[androidx.emoji2:emoji2:1.2.0] AndroidManifest.xml:25:13-67
63            android:authorities="com.mediacontrol.floatwidget.androidx-startup"
63-->[androidx.emoji2:emoji2:1.2.0] AndroidManifest.xml:26:13-68
64            android:exported="false" >
64-->[androidx.emoji2:emoji2:1.2.0] AndroidManifest.xml:27:13-37
65            <meta-data
65-->[androidx.emoji2:emoji2:1.2.0] AndroidManifest.xml:29:13-31:52
66                android:name="androidx.emoji2.text.EmojiCompatInitializer"
66-->[androidx.emoji2:emoji2:1.2.0] AndroidManifest.xml:30:17-75
67                android:value="androidx.startup" />
67-->[androidx.emoji2:emoji2:1.2.0] AndroidManifest.xml:31:17-49
68            <meta-data
68-->[androidx.lifecycle:lifecycle-process:2.4.1] AndroidManifest.xml:31:13-33:52
69                android:name="androidx.lifecycle.ProcessLifecycleInitializer"
69-->[androidx.lifecycle:lifecycle-process:2.4.1] AndroidManifest.xml:32:17-78
70                android:value="androidx.startup" />
70-->[androidx.lifecycle:lifecycle-process:2.4.1] AndroidManifest.xml:33:17-49
71        </provider>
72    </application>
73
74</manifest>